2025-02-09 11:41:59 [17853] No configuration file found '/etc/hasplm/hasplm.ini'
2025-02-09 11:41:59 [17853] Storage filesystem is btrfs
2025-02-09 11:42:22 [17853] Creating new guid file /var/hasplm/guid
2025-02-09 11:42:22 [17853] Creating new fingerprint file /var/hasplm/fingerprint
2025-02-09 11:42:22 [17853] Fridge successfully migrated to secure storage
2025-02-09 11:42:22 [17853] Connected to Secure, Schema 1
2025-02-09 11:42:22 [17853] Loaded 0 license names in 0 milliseconds in 0 MB
2025-02-09 11:42:22 [17853] Loaded 0 identities and 0 fingerprints in 0 milliseconds in 0 MB
2025-02-09 11:42:22 [17853] Using Admin LM 30.1 build 169645 64 bit, RTE 10.12
2025-02-09 11:42:22 [17853] Creating new fingerprint file /var/hasplm/fingerprint
2025-02-09 11:42:22 [17853] Creating new guid file /var/hasplm/guid
2025-02-09 11:42:22 [17853] Startup local time is 2025-02-09 11:41:59, daylight is not active
2025-02-09 11:42:22 [17853] Startup UTC time is 2025-02-09 08:41:59
2025-02-09 11:42:22 [17853] Standard timezone is 'MSK', bias -10800 seconds
2025-02-09 11:42:22 [17853] IP is 192.168.1.164
2025-02-09 11:42:22 [17853] LM ID is wCIaSyYuSaOnI5iIMHNG+bpTRwyp/W3OUpufWYMA
2025-02-09 11:42:22 [17853] Limit NOFILE at soft 4096 and hard 2097152
2025-02-09 11:42:22 [17853] Limit NPROC at soft 63058 and hard 63058
2025-02-09 11:42:22 [17853] FQDN is 'ab.dlink'
2025-02-09 11:42:22 [17853] Listen on port 1947 for TCP, UDP, TCP6, UDP6
2025-02-09 11:42:22 [17853] Loaded 0 licenses in 0 milliseconds in 0 MB
2025-02-09 11:43:09 [17853] Server shutdown
2025-02-09 11:43:09 [17853] Closing port 1947
